[debug] [2020-09-15T16:52:24.579Z] ----------------------------------------------------------------------
[debug] [2020-09-15T16:52:24.582Z] Command:       /Users/samanthagadet/.nvm/versions/node/v10.16.3/bin/node /Users/samanthagadet/.nvm/versions/node/v10.16.3/bin/firebase emulators:start
[debug] [2020-09-15T16:52:24.583Z] CLI Version:   8.10.0
[debug] [2020-09-15T16:52:24.583Z] Platform:      darwin
[debug] [2020-09-15T16:52:24.583Z] Node Version:  v10.16.3
[debug] [2020-09-15T16:52:24.585Z] Time:          Tue Sep 15 2020 18:52:24 GMT+0200 (GMT+02:00)
[debug] [2020-09-15T16:52:24.586Z] ----------------------------------------------------------------------
[debug] [2020-09-15T16:52:24.586Z] 
[debug] [2020-09-15T16:52:24.602Z] > command requires scopes: ["email","openid","https://www.googleapis.com/auth/cloudplatformprojects.readonly","https://www.googleapis.com/auth/firebase","https://www.googleapis.com/auth/cloud-platform"]
[debug] [2020-09-15T16:52:24.603Z] > authorizing via signed-in user
[info] i  emulators: Starting emulators: functions, hosting {"metadata":{"emulator":{"name":"hub"},"message":"Starting emulators: functions, hosting"}}
[debug] [2020-09-15T16:52:24.648Z] [hub] writing locator at /var/folders/y3/z28z8vd54b905xt6p8w1w_7c0000gn/T/hub-clone-34791.json
[warn] ⚠  functions: The following emulators are not running, calls to these services from the Functions emulator will affect production: firestore, database, pubsub {"metadata":{"emulator":{"name":"functions"},"message":"The following emulators are not running, calls to these services from the Functions emulator will affect production: \u001b[1mfirestore, database, pubsub\u001b[22m"}}
[info] ✔  functions: Using node@10 from host. {"metadata":{"emulator":{"name":"functions"},"message":"Using node@10 from host."}}
[debug] [2020-09-15T16:52:24.693Z] defaultcredentials: writing to file /Users/samanthagadet/.config/firebase/samantha_gadet_gmail.com_application_default_credentials.json
[debug] [2020-09-15T16:52:24.701Z] Setting GAC to /Users/samanthagadet/.config/firebase/samantha_gadet_gmail.com_application_default_credentials.json {"metadata":{"emulator":{"name":"functions"},"message":"Setting GAC to /Users/samanthagadet/.config/firebase/samantha_gadet_gmail.com_application_default_credentials.json"}}
[debug] [2020-09-15T16:52:24.728Z] >>> HTTP REQUEST GET https://firebase.googleapis.com/v1beta1/projects/clone-34791/webApps/-/config  
 
[debug] [2020-09-15T16:52:25.867Z] <<< HTTP RESPONSE 200 {"content-type":"application/json; charset=UTF-8","vary":"X-Origin, Referer, Origin,Accept-Encoding","date":"Tue, 15 Sep 2020 16:52:25 GMT","server":"ESF","cache-control":"private","x-xss-protection":"0","x-frame-options":"SAMEORIGIN","x-content-type-options":"nosniff","alt-svc":"h3-29=\":443\"; ma=2592000,h3-27=\":443\"; ma=2592000,h3-T051=\":443\"; ma=2592000,h3-T050=\":443\"; ma=2592000,h3-Q050=\":443\"; ma=2592000,h3-Q046=\":443\"; ma=2592000,h3-Q043=\":443\"; ma=2592000,quic=\":443\"; ma=2592000; v=\"46,43\"","accept-ranges":"none","transfer-encoding":"chunked"}
[info] i  hosting: Serving hosting files from: build {"metadata":{"emulator":{"name":"hosting"},"message":"Serving hosting files from: \u001b[1mbuild\u001b[22m"}}
[info] ✔  hosting: Local server: http://localhost:5000 {"metadata":{"emulator":{"name":"hosting"},"message":"Local server: \u001b[4m\u001b[1mhttp://localhost:5000\u001b[22m\u001b[24m"}}
[debug] [2020-09-15T16:52:25.970Z] Ignoring unsupported arg: auto_download {"metadata":{"emulator":{"name":"ui"},"message":"Ignoring unsupported arg: auto_download"}}
[debug] [2020-09-15T16:52:25.971Z] Ignoring unsupported arg: port {"metadata":{"emulator":{"name":"ui"},"message":"Ignoring unsupported arg: port"}}
[debug] [2020-09-15T16:52:25.971Z] Starting Emulator UI with command {"binary":"node","args":["/Users/samanthagadet/.cache/firebase/emulators/ui-v1.1.1/server.bundle.js"],"optionalArgs":[],"joinArgs":false} {"metadata":{"emulator":{"name":"ui"},"message":"Starting Emulator UI with command {\"binary\":\"node\",\"args\":[\"/Users/samanthagadet/.cache/firebase/emulators/ui-v1.1.1/server.bundle.js\"],\"optionalArgs\":[],\"joinArgs\":false}"}}
[info] i  ui: Emulator UI logging to ui-debug.log {"metadata":{"emulator":{"name":"ui"},"message":"Emulator UI logging to \u001b[1mui-debug.log\u001b[22m"}}
[debug] [2020-09-15T16:52:26.267Z] Web / API server started at http://localhost:4000
 {"metadata":{"emulator":{"name":"ui"},"message":"Web / API server started at http://localhost:4000\n"}}
[info] i  functions: Watching "/Users/Documents/Web-dev/Clever-programmer/amazon-clone/functions" for Cloud Functions... {"metadata":{"emulator":{"name":"functions"},"message":"Watching \"/Users/Documents/Web-dev/Clever-programmer/amazon-clone/functions\" for Cloud Functions..."}}
[debug] [2020-09-15T16:52:26.512Z] [worker-pool] addWorker(~diagnostic~) {"metadata":{"emulator":{"name":"functions"},"message":"[worker-pool] addWorker(~diagnostic~)"}}
[debug] [2020-09-15T16:52:26.512Z] [worker-pool] Adding worker with key ~diagnostic~, total=1 {"metadata":{"emulator":{"name":"functions"},"message":"[worker-pool] Adding worker with key ~diagnostic~, total=1"}}
[debug] [2020-09-15T16:52:26.513Z] [worker-pool] submitWork(triggerId=) {"metadata":{"emulator":{"name":"functions"},"message":"[worker-pool] submitWork(triggerId=)"}}
[debug] [2020-09-15T16:52:26.513Z] [worker-~diagnostic~-a496617e-f284-4016-b24c-1ce07398cebc]: Assigning socketPath: /var/folders/y3/z28z8vd54b905xt6p8w1w_7c0000gn/T/fire_emu_1945.sock {"metadata":{"emulator":{"name":"functions"},"message":"[worker-~diagnostic~-a496617e-f284-4016-b24c-1ce07398cebc]: Assigning socketPath: /var/folders/y3/z28z8vd54b905xt6p8w1w_7c0000gn/T/fire_emu_1945.sock"}}
[debug] [2020-09-15T16:52:26.514Z] [worker-~diagnostic~-a496617e-f284-4016-b24c-1ce07398cebc]: BUSY {"metadata":{"emulator":{"name":"functions"},"message":"[worker-~diagnostic~-a496617e-f284-4016-b24c-1ce07398cebc]: BUSY"}}
[debug] [2020-09-15T16:52:26.943Z] [runtime-status] [1945] Functions runtime initialized. {"cwd":"/Users/Documents/Web-dev/Clever-programmer/amazon-clone/functions","node_version":"10.16.3"} {"metadata":{"emulator":{"name":"functions"},"message":"[runtime-status] [1945] Functions runtime initialized. {\"cwd\":\"/Users/Documents/Web-dev/Clever-programmer/amazon-clone/functions\",\"node_version\":\"10.16.3\"}"}}
[debug] [2020-09-15T16:52:26.944Z] [runtime-status] [1945] Disabled runtime features: undefined {"metadata":{"emulator":{"name":"functions"},"message":"[runtime-status] [1945] Disabled runtime features: undefined"}}
[debug] [2020-09-15T16:52:26.951Z] [runtime-status] [1945] Resolved module firebase-admin {"declared":true,"installed":true,"version":"8.13.0","resolution":"/Users/Documents/Web-dev/Clever-programmer/amazon-clone/functions/node_modules/firebase-admin/lib/index.js"} {"metadata":{"emulator":{"name":"functions"},"message":"[runtime-status] [1945] Resolved module firebase-admin {\"declared\":true,\"installed\":true,\"version\":\"8.13.0\",\"resolution\":\"/Users/Documents/Web-dev/Clever-programmer/amazon-clone/functions/node_modules/firebase-admin/lib/index.js\"}"}}
[debug] [2020-09-15T16:52:26.953Z] [runtime-status] [1945] Resolved module firebase-functions {"declared":true,"installed":true,"version":"3.11.0","resolution":"/Users/Documents/Web-dev/Clever-programmer/amazon-clone/functions/node_modules/firebase-functions/lib/index.js"} {"metadata":{"emulator":{"name":"functions"},"message":"[runtime-status] [1945] Resolved module firebase-functions {\"declared\":true,\"installed\":true,\"version\":\"3.11.0\",\"resolution\":\"/Users/Documents/Web-dev/Clever-programmer/amazon-clone/functions/node_modules/firebase-functions/lib/index.js\"}"}}
[debug] [2020-09-15T16:52:26.954Z] [runtime-status] [1945] Resolved module firebase-functions {"declared":true,"installed":true,"version":"3.11.0","resolution":"/Users/Documents/Web-dev/Clever-programmer/amazon-clone/functions/node_modules/firebase-functions/lib/index.js"} {"metadata":{"emulator":{"name":"functions"},"message":"[runtime-status] [1945] Resolved module firebase-functions {\"declared\":true,\"installed\":true,\"version\":\"3.11.0\",\"resolution\":\"/Users/Documents/Web-dev/Clever-programmer/amazon-clone/functions/node_modules/firebase-functions/lib/index.js\"}"}}
[debug] [2020-09-15T16:52:26.959Z] [runtime-status] [1945] Outgoing network have been stubbed. [{"name":"http","status":"mocked"},{"name":"http","status":"mocked"},{"name":"https","status":"mocked"},{"name":"https","status":"mocked"},{"name":"net","status":"mocked"}] {"metadata":{"emulator":{"name":"functions"},"message":"[runtime-status] [1945] Outgoing network have been stubbed. [{\"name\":\"http\",\"status\":\"mocked\"},{\"name\":\"http\",\"status\":\"mocked\"},{\"name\":\"https\",\"status\":\"mocked\"},{\"name\":\"https\",\"status\":\"mocked\"},{\"name\":\"net\",\"status\":\"mocked\"}]"}}
[debug] [2020-09-15T16:52:26.959Z] [runtime-status] [1945] Resolved module firebase-functions {"declared":true,"installed":true,"version":"3.11.0","resolution":"/Users/Documents/Web-dev/Clever-programmer/amazon-clone/functions/node_modules/firebase-functions/lib/index.js"} {"metadata":{"emulator":{"name":"functions"},"message":"[runtime-status] [1945] Resolved module firebase-functions {\"declared\":true,\"installed\":true,\"version\":\"3.11.0\",\"resolution\":\"/Users/Documents/Web-dev/Clever-programmer/amazon-clone/functions/node_modules/firebase-functions/lib/index.js\"}"}}
[debug] [2020-09-15T16:52:27.050Z] [runtime-status] [1945] Checked functions.config() {"config":{}} {"metadata":{"emulator":{"name":"functions"},"message":"[runtime-status] [1945] Checked functions.config() {\"config\":{}}"}}
[debug] [2020-09-15T16:52:27.050Z] [runtime-status] [1945] firebase-functions has been stubbed. {"functionsResolution":{"declared":true,"installed":true,"version":"3.11.0","resolution":"/Users/Documents/Web-dev/Clever-programmer/amazon-clone/functions/node_modules/firebase-functions/lib/index.js"}} {"metadata":{"emulator":{"name":"functions"},"message":"[runtime-status] [1945] firebase-functions has been stubbed. {\"functionsResolution\":{\"declared\":true,\"installed\":true,\"version\":\"3.11.0\",\"resolution\":\"/Users/Documents/Web-dev/Clever-programmer/amazon-clone/functions/node_modules/firebase-functions/lib/index.js\"}}"}}
[debug] [2020-09-15T16:52:27.051Z] [runtime-status] [1945] Resolved module firebase-functions {"declared":true,"installed":true,"version":"3.11.0","resolution":"/Users/Documents/Web-dev/Clever-programmer/amazon-clone/functions/node_modules/firebase-functions/lib/index.js"} {"metadata":{"emulator":{"name":"functions"},"message":"[runtime-status] [1945] Resolved module firebase-functions {\"declared\":true,\"installed\":true,\"version\":\"3.11.0\",\"resolution\":\"/Users/Documents/Web-dev/Clever-programmer/amazon-clone/functions/node_modules/firebase-functions/lib/index.js\"}"}}
[debug] [2020-09-15T16:52:27.053Z] [runtime-status] [1945] Resolved module firebase-admin {"declared":true,"installed":true,"version":"8.13.0","resolution":"/Users/Documents/Web-dev/Clever-programmer/amazon-clone/functions/node_modules/firebase-admin/lib/index.js"} {"metadata":{"emulator":{"name":"functions"},"message":"[runtime-status] [1945] Resolved module firebase-admin {\"declared\":true,\"installed\":true,\"version\":\"8.13.0\",\"resolution\":\"/Users/Documents/Web-dev/Clever-programmer/amazon-clone/functions/node_modules/firebase-admin/lib/index.js\"}"}}
[debug] [2020-09-15T16:52:27.054Z] [runtime-status] [1945] Resolved module firebase-functions {"declared":true,"installed":true,"version":"3.11.0","resolution":"/Users/Documents/Web-dev/Clever-programmer/amazon-clone/functions/node_modules/firebase-functions/lib/index.js"} {"metadata":{"emulator":{"name":"functions"},"message":"[runtime-status] [1945] Resolved module firebase-functions {\"declared\":true,\"installed\":true,\"version\":\"3.11.0\",\"resolution\":\"/Users/Documents/Web-dev/Clever-programmer/amazon-clone/functions/node_modules/firebase-functions/lib/index.js\"}"}}
[debug] [2020-09-15T16:52:27.054Z] [runtime-status] [1945] firebase-admin has been stubbed. {"adminResolution":{"declared":true,"installed":true,"version":"8.13.0","resolution":"/Users/Documents/Web-dev/Clever-programmer/amazon-clone/functions/node_modules/firebase-admin/lib/index.js"}} {"metadata":{"emulator":{"name":"functions"},"message":"[runtime-status] [1945] firebase-admin has been stubbed. {\"adminResolution\":{\"declared\":true,\"installed\":true,\"version\":\"8.13.0\",\"resolution\":\"/Users/Documents/Web-dev/Clever-programmer/amazon-clone/functions/node_modules/firebase-admin/lib/index.js\"}}"}}
[info] ✔  functions[api]: http function initialized (http://localhost:5001/clone-34791/us-central1/api). {"metadata":{"emulator":{"name":"functions"},"message":"\u001b[1mhttp\u001b[22m function initialized (http://localhost:5001/clone-34791/us-central1/api)."}}
[info] 
┌───────────────────────────────────────────────────────────────────────┐
│ ✔  All emulators ready! View status and logs at http://localhost:4000 │
└───────────────────────────────────────────────────────────────────────┘

┌───────────┬────────────────┬─────────────────────────────────┐
│ Emulator  │ Host:Port      │ View in Emulator UI             │
├───────────┼────────────────┼─────────────────────────────────┤
│ Functions │ localhost:5001 │ http://localhost:4000/functions │
├───────────┼────────────────┼─────────────────────────────────┤
│ Hosting   │ localhost:5000 │ n/a                             │
└───────────┴────────────────┴─────────────────────────────────┘
  Other reserved ports: 4400, 4500

Issues? Report them at https://github.com/firebase/firebase-tools/issues and attach the *-debug.log files.
 
[debug] [2020-09-15T16:52:27.314Z] [worker-~diagnostic~-a496617e-f284-4016-b24c-1ce07398cebc]: IDLE {"metadata":{"emulator":{"name":"functions"},"message":"[worker-~diagnostic~-a496617e-f284-4016-b24c-1ce07398cebc]: IDLE"}}
[debug] [2020-09-15T16:52:55.677Z] [work-queue] {"queueLength":1,"workRunningCount":0}
[debug] [2020-09-15T16:52:55.678Z] [work-queue] {"queueLength":0,"workRunningCount":1}
[debug] [2020-09-15T16:52:55.680Z] Accepted request GET /clone-34791/us-central1/api --> api
[debug] [2020-09-15T16:52:55.691Z] [worker-pool] addWorker(api) {"metadata":{"emulator":{"name":"functions"},"message":"[worker-pool] addWorker(api)"}}
[debug] [2020-09-15T16:52:55.692Z] [worker-pool] Adding worker with key api, total=1 {"metadata":{"emulator":{"name":"functions"},"message":"[worker-pool] Adding worker with key api, total=1"}}
[debug] [2020-09-15T16:52:55.692Z] [worker-pool] submitWork(triggerId=api) {"metadata":{"emulator":{"name":"functions"},"message":"[worker-pool] submitWork(triggerId=api)"}}
[debug] [2020-09-15T16:52:55.694Z] [worker-api-80587ea5-db9c-461d-8861-b2084a7a2840]: Assigning socketPath: /var/folders/y3/z28z8vd54b905xt6p8w1w_7c0000gn/T/fire_emu_1961.sock {"metadata":{"emulator":{"name":"functions"},"message":"[worker-api-80587ea5-db9c-461d-8861-b2084a7a2840]: Assigning socketPath: /var/folders/y3/z28z8vd54b905xt6p8w1w_7c0000gn/T/fire_emu_1961.sock"}}
[debug] [2020-09-15T16:52:55.694Z] [worker-api-80587ea5-db9c-461d-8861-b2084a7a2840]: BUSY {"metadata":{"emulator":{"name":"functions"},"message":"[worker-api-80587ea5-db9c-461d-8861-b2084a7a2840]: BUSY"}}
[debug] [2020-09-15T16:52:56.354Z] [runtime-status] [1961] Functions runtime initialized. {"cwd":"/Users/Documents/Web-dev/Clever-programmer/amazon-clone/functions","node_version":"10.16.3"} {"metadata":{"emulator":{"name":"functions"},"function":{"name":"api"},"message":"[runtime-status] [1961] Functions runtime initialized. {\"cwd\":\"/Users/Documents/Web-dev/Clever-programmer/amazon-clone/functions\",\"node_version\":\"10.16.3\"}"}}
[debug] [2020-09-15T16:52:56.357Z] [runtime-status] [1961] Disabled runtime features: undefined {"metadata":{"emulator":{"name":"functions"},"function":{"name":"api"},"message":"[runtime-status] [1961] Disabled runtime features: undefined"}}
[debug] [2020-09-15T16:52:56.360Z] [runtime-status] [1961] Resolved module firebase-admin {"declared":true,"installed":true,"version":"8.13.0","resolution":"/Users/Documents/Web-dev/Clever-programmer/amazon-clone/functions/node_modules/firebase-admin/lib/index.js"} {"metadata":{"emulator":{"name":"functions"},"function":{"name":"api"},"message":"[runtime-status] [1961] Resolved module firebase-admin {\"declared\":true,\"installed\":true,\"version\":\"8.13.0\",\"resolution\":\"/Users/Documents/Web-dev/Clever-programmer/amazon-clone/functions/node_modules/firebase-admin/lib/index.js\"}"}}
[debug] [2020-09-15T16:52:56.362Z] [runtime-status] [1961] Resolved module firebase-functions {"declared":true,"installed":true,"version":"3.11.0","resolution":"/Users/Documents/Web-dev/Clever-programmer/amazon-clone/functions/node_modules/firebase-functions/lib/index.js"} {"metadata":{"emulator":{"name":"functions"},"function":{"name":"api"},"message":"[runtime-status] [1961] Resolved module firebase-functions {\"declared\":true,\"installed\":true,\"version\":\"3.11.0\",\"resolution\":\"/Users/Documents/Web-dev/Clever-programmer/amazon-clone/functions/node_modules/firebase-functions/lib/index.js\"}"}}
[debug] [2020-09-15T16:52:56.363Z] [runtime-status] [1961] Resolved module firebase-functions {"declared":true,"installed":true,"version":"3.11.0","resolution":"/Users/Documents/Web-dev/Clever-programmer/amazon-clone/functions/node_modules/firebase-functions/lib/index.js"} {"metadata":{"emulator":{"name":"functions"},"function":{"name":"api"},"message":"[runtime-status] [1961] Resolved module firebase-functions {\"declared\":true,\"installed\":true,\"version\":\"3.11.0\",\"resolution\":\"/Users/Documents/Web-dev/Clever-programmer/amazon-clone/functions/node_modules/firebase-functions/lib/index.js\"}"}}
[debug] [2020-09-15T16:52:56.368Z] [runtime-status] [1961] Outgoing network have been stubbed. [{"name":"http","status":"mocked"},{"name":"http","status":"mocked"},{"name":"https","status":"mocked"},{"name":"https","status":"mocked"},{"name":"net","status":"mocked"}] {"metadata":{"emulator":{"name":"functions"},"function":{"name":"api"},"message":"[runtime-status] [1961] Outgoing network have been stubbed. [{\"name\":\"http\",\"status\":\"mocked\"},{\"name\":\"http\",\"status\":\"mocked\"},{\"name\":\"https\",\"status\":\"mocked\"},{\"name\":\"https\",\"status\":\"mocked\"},{\"name\":\"net\",\"status\":\"mocked\"}]"}}
[debug] [2020-09-15T16:52:56.368Z] [runtime-status] [1961] Resolved module firebase-functions {"declared":true,"installed":true,"version":"3.11.0","resolution":"/Users/Documents/Web-dev/Clever-programmer/amazon-clone/functions/node_modules/firebase-functions/lib/index.js"} {"metadata":{"emulator":{"name":"functions"},"function":{"name":"api"},"message":"[runtime-status] [1961] Resolved module firebase-functions {\"declared\":true,\"installed\":true,\"version\":\"3.11.0\",\"resolution\":\"/Users/Documents/Web-dev/Clever-programmer/amazon-clone/functions/node_modules/firebase-functions/lib/index.js\"}"}}
[debug] [2020-09-15T16:52:56.426Z] [runtime-status] [1961] Checked functions.config() {"config":{}} {"metadata":{"emulator":{"name":"functions"},"function":{"name":"api"},"message":"[runtime-status] [1961] Checked functions.config() {\"config\":{}}"}}
[debug] [2020-09-15T16:52:56.427Z] [runtime-status] [1961] firebase-functions has been stubbed. {"functionsResolution":{"declared":true,"installed":true,"version":"3.11.0","resolution":"/Users/Documents/Web-dev/Clever-programmer/amazon-clone/functions/node_modules/firebase-functions/lib/index.js"}} {"metadata":{"emulator":{"name":"functions"},"function":{"name":"api"},"message":"[runtime-status] [1961] firebase-functions has been stubbed. {\"functionsResolution\":{\"declared\":true,\"installed\":true,\"version\":\"3.11.0\",\"resolution\":\"/Users/Documents/Web-dev/Clever-programmer/amazon-clone/functions/node_modules/firebase-functions/lib/index.js\"}}"}}
[debug] [2020-09-15T16:52:56.428Z] [runtime-status] [1961] Resolved module firebase-functions {"declared":true,"installed":true,"version":"3.11.0","resolution":"/Users/Documents/Web-dev/Clever-programmer/amazon-clone/functions/node_modules/firebase-functions/lib/index.js"} {"metadata":{"emulator":{"name":"functions"},"function":{"name":"api"},"message":"[runtime-status] [1961] Resolved module firebase-functions {\"declared\":true,\"installed\":true,\"version\":\"3.11.0\",\"resolution\":\"/Users/Documents/Web-dev/Clever-programmer/amazon-clone/functions/node_modules/firebase-functions/lib/index.js\"}"}}
[debug] [2020-09-15T16:52:56.429Z] [runtime-status] [1961] Resolved module firebase-admin {"declared":true,"installed":true,"version":"8.13.0","resolution":"/Users/Documents/Web-dev/Clever-programmer/amazon-clone/functions/node_modules/firebase-admin/lib/index.js"} {"metadata":{"emulator":{"name":"functions"},"function":{"name":"api"},"message":"[runtime-status] [1961] Resolved module firebase-admin {\"declared\":true,\"installed\":true,\"version\":\"8.13.0\",\"resolution\":\"/Users/Documents/Web-dev/Clever-programmer/amazon-clone/functions/node_modules/firebase-admin/lib/index.js\"}"}}
[debug] [2020-09-15T16:52:56.429Z] [runtime-status] [1961] Resolved module firebase-functions {"declared":true,"installed":true,"version":"3.11.0","resolution":"/Users/Documents/Web-dev/Clever-programmer/amazon-clone/functions/node_modules/firebase-functions/lib/index.js"} {"metadata":{"emulator":{"name":"functions"},"function":{"name":"api"},"message":"[runtime-status] [1961] Resolved module firebase-functions {\"declared\":true,\"installed\":true,\"version\":\"3.11.0\",\"resolution\":\"/Users/Documents/Web-dev/Clever-programmer/amazon-clone/functions/node_modules/firebase-functions/lib/index.js\"}"}}
[debug] [2020-09-15T16:52:56.429Z] [runtime-status] [1961] firebase-admin has been stubbed. {"adminResolution":{"declared":true,"installed":true,"version":"8.13.0","resolution":"/Users/Documents/Web-dev/Clever-programmer/amazon-clone/functions/node_modules/firebase-admin/lib/index.js"}} {"metadata":{"emulator":{"name":"functions"},"function":{"name":"api"},"message":"[runtime-status] [1961] firebase-admin has been stubbed. {\"adminResolution\":{\"declared\":true,\"installed\":true,\"version\":\"8.13.0\",\"resolution\":\"/Users/Documents/Web-dev/Clever-programmer/amazon-clone/functions/node_modules/firebase-admin/lib/index.js\"}}"}}
[debug] [2020-09-15T16:52:56.610Z] [runtime-status] [1961] Trigger "api" has been found, beginning invocation! {"metadata":{"emulator":{"name":"functions"},"function":{"name":"api"},"message":"[runtime-status] [1961] Trigger \"api\" has been found, beginning invocation!"}}
[info] i  functions: Beginning execution of "api" {"metadata":{"emulator":{"name":"functions"},"function":{"name":"api"},"message":"Beginning execution of \"api\""}}
[debug] [2020-09-15T16:52:56.611Z] [runtime-status] [1961] triggerDefinition {"httpsTrigger":{},"name":"api","entryPoint":"api"} {"metadata":{"emulator":{"name":"functions"},"function":{"name":"api"},"message":"[runtime-status] [1961] triggerDefinition {\"httpsTrigger\":{},\"name\":\"api\",\"entryPoint\":\"api\"}"}}
[debug] [2020-09-15T16:52:56.611Z] [runtime-status] [1961] Running api in mode HTTPS {"metadata":{"emulator":{"name":"functions"},"function":{"name":"api"},"message":"[runtime-status] [1961] Running api in mode HTTPS"}}
[debug] [2020-09-15T16:52:56.622Z] [runtime-status] [1961] Attempting to listen to socketPath: /var/folders/y3/z28z8vd54b905xt6p8w1w_7c0000gn/T/fire_emu_1961.sock {"metadata":{"emulator":{"name":"functions"},"function":{"name":"api"},"message":"[runtime-status] [1961] Attempting to listen to socketPath: /var/folders/y3/z28z8vd54b905xt6p8w1w_7c0000gn/T/fire_emu_1961.sock"}}
[debug] [2020-09-15T16:52:56.629Z] [functions] Runtime ready! Sending request! {"metadata":{"emulator":{"name":"functions"},"message":"[functions] Runtime ready! Sending request!"}}
[debug] [2020-09-15T16:52:56.640Z] [runtime-status] [1961] Ephemeral server handling GET request {"metadata":{"emulator":{"name":"functions"},"function":{"name":"api"},"message":"[runtime-status] [1961] Ephemeral server handling GET request"}}
[debug] [2020-09-15T16:52:56.652Z] [runtime-status] [1961] Ephemeral server survived. {"metadata":{"emulator":{"name":"functions"},"function":{"name":"api"},"message":"[runtime-status] [1961] Ephemeral server survived."}}
[info] i  functions: Finished "api" in ~1s {"metadata":{"emulator":{"name":"functions"},"function":{"name":"api"},"message":"Finished \"api\" in ~1s"}}
[debug] [2020-09-15T16:52:56.655Z] [worker-api-80587ea5-db9c-461d-8861-b2084a7a2840]: IDLE {"metadata":{"emulator":{"name":"functions"},"message":"[worker-api-80587ea5-db9c-461d-8861-b2084a7a2840]: IDLE"}}
[debug] [2020-09-15T16:52:56.655Z] [work-queue] {"queueLength":0,"workRunningCount":0}
[debug] [2020-09-15T16:52:56.965Z] Functions emulator received unknown request at path /favicon.ico
